\BOOKMARK [0][]{section*.1}{Abstract}{}% 1
\BOOKMARK [0][]{chapter.1}{Introduction}{}% 2
\BOOKMARK [1][]{section.1.1}{Calibration of a Gravitational-Wave detector}{chapter.1}% 3
\BOOKMARK [1][]{section.1.2}{Roles of the photon calibrator}{chapter.1}% 4
\BOOKMARK [1][]{section.1.3}{Schedule of KAGRA}{chapter.1}% 5
\BOOKMARK [1][]{section.1.4}{Calibration requirements from data analysis}{chapter.1}% 6
\BOOKMARK [0][]{chapter.2}{Photon calibrator}{}% 7
\BOOKMARK [1][]{section.2.1}{Photon calibrator}{chapter.2}% 8
\BOOKMARK [1][]{section.2.2}{Purpose of photon calibrator}{chapter.2}% 9
\BOOKMARK [2][]{subsection.2.2.1}{Interferometer Calibration}{section.2.2}% 10
\BOOKMARK [2][]{subsection.2.2.2}{Hardware injection test}{section.2.2}% 11
\BOOKMARK [2][]{subsection.2.2.3}{Photon pressure actuator}{section.2.2}% 12
\BOOKMARK [1][]{section.2.3}{Calibration line of KAGRA}{chapter.2}% 13
\BOOKMARK [0][]{chapter.3}{Instruments descriptions}{}% 14
\BOOKMARK [1][]{section.3.1}{Layout of Photon calibrator}{chapter.3}% 15
\BOOKMARK [1][]{section.3.2}{Placement of modules}{chapter.3}% 16
\BOOKMARK [1][]{section.3.3}{Transmitter \(Tx\) module}{chapter.3}% 17
\BOOKMARK [2][]{subsection.3.3.1}{Fiber laser}{section.3.3}% 18
\BOOKMARK [2][]{subsection.3.3.2}{Beam shutter}{section.3.3}% 19
\BOOKMARK [2][]{subsection.3.3.3}{Zeroth order half wave plate}{section.3.3}% 20
\BOOKMARK [2][]{subsection.3.3.4}{Polarizer}{section.3.3}% 21
\BOOKMARK [2][]{subsection.3.3.5}{Lens}{section.3.3}% 22
\BOOKMARK [2][]{subsection.3.3.6}{Mirror}{section.3.3}% 23
\BOOKMARK [2][]{subsection.3.3.7}{Optical mount with Pico-motor}{section.3.3}% 24
\BOOKMARK [2][]{subsection.3.3.8}{Beam splitter}{section.3.3}% 25
\BOOKMARK [2][]{subsection.3.3.9}{Optical follower servo}{section.3.3}% 26
\BOOKMARK [2][]{subsection.3.3.10}{Photo detector}{section.3.3}% 27
\BOOKMARK [3][]{section*.29}{Cover}{subsection.3.3.10}% 28
\BOOKMARK [3][]{section*.31}{InGaAs detector}{subsection.3.3.10}% 29
\BOOKMARK [3][]{section*.33}{Electrical Circuit}{subsection.3.3.10}% 30
\BOOKMARK [2][]{subsection.3.3.11}{Beam sampler}{section.3.3}% 31
\BOOKMARK [2][]{subsection.3.3.12}{2 inch integrating sphere}{section.3.3}% 32
\BOOKMARK [2][]{subsection.3.3.13}{Structure}{section.3.3}% 33
\BOOKMARK [1][]{section.3.4}{Periscope}{chapter.3}% 34
\BOOKMARK [2][]{subsection.3.4.1}{Geometric optics}{section.3.4}% 35
\BOOKMARK [2][]{subsection.3.4.2}{View port window}{section.3.4}% 36
\BOOKMARK [2][]{subsection.3.4.3}{Mirrors}{section.3.4}% 37
\BOOKMARK [1][]{section.3.5}{Receiver module}{chapter.3}% 38
\BOOKMARK [2][]{subsection.3.5.1}{6 inch Integrating sphere}{section.3.5}% 39
\BOOKMARK [2][]{subsection.3.5.2}{Mirror}{section.3.5}% 40
\BOOKMARK [2][]{subsection.3.5.3}{QPD}{section.3.5}% 41
\BOOKMARK [1][]{section.3.6}{Camera module}{chapter.3}% 42
\BOOKMARK [2][]{subsection.3.6.1}{Camera}{section.3.6}% 43
\BOOKMARK [2][]{subsection.3.6.2}{Telescope}{section.3.6}% 44
\BOOKMARK [2][]{subsection.3.6.3}{Focuser}{section.3.6}% 45
\BOOKMARK [2][]{subsection.3.6.4}{View port window}{section.3.6}% 46
\BOOKMARK [2][]{subsection.3.6.5}{Mirror}{section.3.6}% 47
\BOOKMARK [2][]{subsection.3.6.6}{Illuminator}{section.3.6}% 48
\BOOKMARK [1][]{section.3.7}{MEDM}{chapter.3}% 49
\BOOKMARK [1][]{section.3.8}{Summary}{chapter.3}% 50
\BOOKMARK [0][]{chapter.4}{Elastic deformation}{}% 51
\BOOKMARK [1][]{section.4.1}{Perfect Cylinder model}{chapter.4}% 52
\BOOKMARK [2][]{subsection.4.1.1}{Modal displacement parameterization}{section.4.1}% 53
\BOOKMARK [1][]{section.4.2}{Real ETM model}{chapter.4}% 54
\BOOKMARK [0][]{chapter.5}{Absolute power calibration}{}% 55
\BOOKMARK [1][]{section.5.1}{Calibration in LHO}{chapter.5}% 56
\BOOKMARK [1][]{section.5.2}{Calibration in end-station}{chapter.5}% 57
\BOOKMARK [1][]{section.5.3}{Summary}{chapter.5}% 58
\BOOKMARK [0][]{chapter.6}{Beam position monitor}{}% 59
\BOOKMARK [1][]{section.6.1}{Installation}{chapter.6}% 60
\BOOKMARK [1][]{section.6.2}{Operation}{chapter.6}% 61
\BOOKMARK [1][]{section.6.3}{Demonstration test}{chapter.6}% 62
\BOOKMARK [1][]{section.6.4}{Summary}{chapter.6}% 63
\BOOKMARK [0][]{chapter.7}{Future upgrades}{}% 64
\BOOKMARK [1][]{section.7.1}{Two AOM}{chapter.7}% 65
\BOOKMARK [1][]{section.7.2}{KAGRA Gold Standard}{chapter.7}% 66
\BOOKMARK [0][]{chapter.8}{Summary}{}% 67
\BOOKMARK [0][]{appendix.A}{Propagation of calibration errors into the estimated source parameters}{}% 68
\BOOKMARK [1][]{section.A.1}{DARM feedback loop modeling}{appendix.A}% 69
\BOOKMARK [1][]{section.A.2}{Waveform modeling}{appendix.A}% 70
